<?xml version="1.0" encoding="UTF-8"?>
<!-- Generated by org.testng.reporters.JUnitReportReporter -->
<testsuite skipped="0" hostname="Nigaras-MacBook-Pro.local" name="rest.webapi.laptopbag.get.Task" tests="2" failures="0" timestamp="03 Sep 2017 16:50:52 GMT" time="1.678" errors="0">
  <testcase name="XmlPathSamples" time="0.124" classname="rest.webapi.laptopbag.get.Task"/>
  <testcase name="JsonPathSamples" time="1.554" classname="rest.webapi.laptopbag.get.Task"/>
</testsuite> <!-- rest.webapi.laptopbag.get.Task -->
